ubuntu@derek-c2:~$ ansible-playbook t3_configuration.yml --private-key=/home/ubuntu/cluster-keys/cluster-key
[WARNING]: Found both group and host with same name: devserver
[WARNING]: Found both group and host with same name: prodserver

PLAY [all] *************************************************************************************************************************************************************************************************************************************

TASK [Gathering Facts] *************************************************************************************************************************************************************************************************************************
ok: [devserver]
ok: [prodserver]

TASK [Generate hosts file] *********************************************************************************************************************************************************************************************************************
changed: [devserver] => (item=prodserver)
changed: [prodserver] => (item=prodserver)
changed: [devserver] => (item=devserver)
changed: [prodserver] => (item=devserver)

TASK [apt update] ******************************************************************************************************************************************************************************************************************************
changed: [devserver]
changed: [prodserver]

TASK [Download git repository] *****************************************************************************************************************************************************************************************************************
changed: [prodserver]
changed: [devserver]

TASK [Change ownership of a directory] *********************************************************************************************************************************************************************************************************
changed: [devserver]
changed: [prodserver]

PLAY [prodserver] ******************************************************************************************************************************************************************************************************************************
ERROR! vars file setup_var.yml was not found
Could not find file on the Ansible Controller.
If you are using a module and expect the file to exist on the remote, see the remote_src option
ubuntu@derek-c2:~$ ansible-playbook t3_configuration.yml --private-key=/home/ubuntu/cluster-keys/cluster-key
[WARNING]: Found both group and host with same name: prodserver
[WARNING]: Found both group and host with same name: devserver

PLAY [all] ***************************************************************************************************************************************************************************************************************************************

TASK [Gathering Facts] ***************************************************************************************************************************************************************************************************************************
ok: [devserver]
ok: [prodserver]

TASK [Generate hosts file] ***********************************************************************************************************************************************************************************************************************
ok: [devserver] => (item=prodserver)
ok: [prodserver] => (item=prodserver)
ok: [devserver] => (item=devserver)
ok: [prodserver] => (item=devserver)

TASK [apt update] ********************************************************************************************************************************************************************************************************************************
ok: [devserver]
ok: [prodserver]

TASK [Download git repository] *******************************************************************************************************************************************************************************************************************
ok: [devserver]
ok: [prodserver]

TASK [Change ownership of a directory] ***********************************************************************************************************************************************************************************************************
ok: [devserver]
ok: [prodserver]

PLAY [prodserver] ********************************************************************************************************************************************************************************************************************************

TASK [Gathering Facts] ***************************************************************************************************************************************************************************************************************************
ok: [prodserver]

TASK [Extra packages] ****************************************************************************************************************************************************************************************************************************
changed: [prodserver] => (item=apt-transport-https)
ok: [prodserver] => (item=ca-certificates)
ok: [prodserver] => (item=curl)
ok: [prodserver] => (item=software-properties-common)

TASK [apt update] ********************************************************************************************************************************************************************************************************************************
ok: [prodserver]

TASK [Add Docker repository key] *****************************************************************************************************************************************************************************************************************
changed: [prodserver]

TASK [Add Docker repository] *********************************************************************************************************************************************************************************************************************
changed: [prodserver]

TASK [apt update] ********************************************************************************************************************************************************************************************************************************
ok: [prodserver]

TASK [Create Ansible docker config directory.] ***************************************************************************************************************************************************************************************************
changed: [prodserver]

TASK [Create Ansible docker file to configure Docker MTU to match SNIC for pip issue] ************************************************************************************************************************************************************
changed: [prodserver]

TASK [Install Docker] ****************************************************************************************************************************************************************************************************************************
changed: [prodserver]

TASK [Download docker-compose] *******************************************************************************************************************************************************************************************************************
changed: [prodserver]

TASK [Building containers] ***********************************************************************************************************************************************************************************************************************
changed: [prodserver]

TASK [Running containers] ************************************************************************************************************************************************************************************************************************
changed: [prodserver]

PLAY [devserver] *********************************************************************************************************************************************************************************************************************************

TASK [Gathering Facts] ***************************************************************************************************************************************************************************************************************************
ok: [devserver]

TASK [Extra packages] ****************************************************************************************************************************************************************************************************************************
changed: [devserver]

TASK [Install ML packages] ***********************************************************************************************************************************************************************************************************************
changed: [devserver]

PLAY RECAP ***************************************************************************************************************************************************************************************************************************************
devserver                  : ok=8    changed=2    unreachable=0    failed=0    skipped=0    rescued=0    ignored=0
prodserver                 : ok=17   changed=9    unreachable=0    failed=0    skipped=0    rescued=0    ignored=0
